2020-10-05 10:54:24.211  INFO [Italian client for interoperability with European Federation Gateway Service,] Application shutdown requested.
2020-10-05 10:54:24.485  INFO [Italian client for interoperability with European Federation Gateway Service,] Shutting down ExecutorService 'applicationTaskExecutor'
2020-10-05 10:54:24.500  INFO [Italian client for interoperability with European Federation Gateway Service,] Closed connection [connectionId{localValue:2, serverValue:409}] to 26.2.73.206:27017 because the pool has been closed.
2020-10-05 11:21:55.701  INFO [Italian client for interoperability with European Federation Gateway Service,] HV000001: Hibernate Validator 6.1.5.Final
2020-10-05 11:21:55.716  INFO [Italian client for interoperability with European Federation Gateway Service,] Starting EfgsGatewayItalyClientApplication on gdipietro with PID 192368 (C:\WorkSpace\Immuni\immuni-efgs-gateway-client\target\classes started by gdipietro in C:\WorkSpace\Immuni\immuni-efgs-gateway-client)
2020-10-05 11:21:55.718  INFO [Italian client for interoperability with European Federation Gateway Service,] No active profile set, falling back to default profiles: default
2020-10-05 11:21:56.215  INFO [Italian client for interoperability with European Federation Gateway Service,] Bootstrapping Spring Data MongoDB repositories in DEFAULT mode.
2020-10-05 11:21:56.248  INFO [Italian client for interoperability with European Federation Gateway Service,] Finished Spring Data repository scanning in 29ms. Found 0 MongoDB repository interfaces.
2020-10-05 11:21:56.582  INFO [Italian client for interoperability with European Federation Gateway Service,] Tomcat initialized with port(s): 8080 (http)
2020-10-05 11:21:56.591  INFO [Italian client for interoperability with European Federation Gateway Service,] Initializing ProtocolHandler ["http-nio-8080"]
2020-10-05 11:21:56.592  INFO [Italian client for interoperability with European Federation Gateway Service,] Starting service [Tomcat]
2020-10-05 11:21:56.592  INFO [Italian client for interoperability with European Federation Gateway Service,] Starting Servlet engine: [Apache Tomcat/9.0.37]
2020-10-05 11:21:56.689  INFO [Italian client for interoperability with European Federation Gateway Service,] Initializing Spring embedded WebApplicationContext
2020-10-05 11:21:56.689  INFO [Italian client for interoperability with European Federation Gateway Service,] Root WebApplicationContext: initialization completed in 935 ms
2020-10-05 11:21:57.832  INFO [Italian client for interoperability with European Federation Gateway Service,] Cluster created with settings {hosts=[26.2.73.206:27017], mode=SINGLE, requiredClusterType=UNKNOWN, serverSelectionTimeout='30000 ms'}
2020-10-05 11:21:57.876  INFO [Italian client for interoperability with European Federation Gateway Service,] Opened connection [connectionId{localValue:1, serverValue:410}] to 26.2.73.206:27017
2020-10-05 11:21:57.879  INFO [Italian client for interoperability with European Federation Gateway Service,] Monitor thread successfully connected to server with description ServerDescription{address=26.2.73.206:27017, type=STANDALONE, state=CONNECTED, ok=true, minWireVersion=0, maxWireVersion=7, maxDocumentSize=16777216, logicalSessionTimeoutMinutes=30, roundTripTimeNanos=2207550}
2020-10-05 11:21:58.253  INFO [Italian client for interoperability with European Federation Gateway Service,] Initializing ExecutorService 'applicationTaskExecutor'
2020-10-05 11:21:58.388  INFO [Italian client for interoperability with European Federation Gateway Service,] Starting ProtocolHandler ["http-nio-8080"]
2020-10-05 11:21:58.419  INFO [Italian client for interoperability with European Federation Gateway Service,] Tomcat started on port(s): 8080 (http) with context path '/v1'
2020-10-05 11:21:58.430  INFO [Italian client for interoperability with European Federation Gateway Service,] Started EfgsGatewayItalyClientApplication in 3.134 seconds (JVM running for 4.354)
2020-10-05 11:22:33.820  INFO [Italian client for interoperability with European Federation Gateway Service,] Initializing Spring DispatcherServlet 'dispatcherServlet'
2020-10-05 11:22:33.821  INFO [Italian client for interoperability with European Federation Gateway Service,] Initializing Servlet 'dispatcherServlet'
2020-10-05 11:22:33.828  INFO [Italian client for interoperability with European Federation Gateway Service,] Completed initialization in 7 ms
2020-10-05 15:31:30.537  INFO [Italian client for interoperability with European Federation Gateway Service,] Exception in monitor thread while connecting to server 26.2.73.206:27017
com.mongodb.MongoSocketOpenException: Exception opening socket
	at com.mongodb.internal.connection.SocketStream.open(SocketStream.java:70)
	at com.mongodb.internal.connection.InternalStreamConnection.open(InternalStreamConnection.java:127)
	at com.mongodb.internal.connection.DefaultServerMonitor$ServerMonitorRunnable.run(DefaultServerMonitor.java:131)
	at java.base/java.lang.Thread.run(Thread.java:834)
Caused by: java.net.SocketException: Network is unreachable: connect
	at java.base/java.net.PlainSocketImpl.waitForConnect(Native Method)
	at java.base/java.net.PlainSocketImpl.socketConnect(PlainSocketImpl.java:107)
	at java.base/java.net.AbstractPlainSocketImpl.doConnect(AbstractPlainSocketImpl.java:399)
	at java.base/java.net.AbstractPlainSocketImpl.connectToAddress(AbstractPlainSocketImpl.java:242)
	at java.base/java.net.AbstractPlainSocketImpl.connect(AbstractPlainSocketImpl.java:224)
	at java.base/java.net.SocksSocketImpl.connect(SocksSocketImpl.java:403)
	at java.base/java.net.Socket.connect(Socket.java:609)
	at com.mongodb.internal.connection.SocketStreamHelper.initialize(SocketStreamHelper.java:63)
	at com.mongodb.internal.connection.SocketStream.initializeSocket(SocketStream.java:79)
	at com.mongodb.internal.connection.SocketStream.open(SocketStream.java:65)
	... 3 common frames omitted
2020-10-05 15:31:40.615  INFO [Italian client for interoperability with European Federation Gateway Service,] Opened connection [connectionId{localValue:3, serverValue:412}] to 26.2.73.206:27017
2020-10-05 15:31:40.618  INFO [Italian client for interoperability with European Federation Gateway Service,] Monitor thread successfully connected to server with description ServerDescription{address=26.2.73.206:27017, type=STANDALONE, state=CONNECTED, ok=true, minWireVersion=0, maxWireVersion=7, maxDocumentSize=16777216, logicalSessionTimeoutMinutes=30, roundTripTimeNanos=887586}
2020-10-05 19:17:29.288  INFO [Italian client for interoperability with European Federation Gateway Service,] Application shutdown requested.
2020-10-05 19:17:29.769  INFO [Italian client for interoperability with European Federation Gateway Service,] Shutting down ExecutorService 'applicationTaskExecutor'
2020-10-05 19:34:58.625  INFO [Italian client for interoperability with European Federation Gateway Service,] HV000001: Hibernate Validator 6.1.5.Final
2020-10-05 19:34:58.640  INFO [Italian client for interoperability with European Federation Gateway Service,] Starting EfgsGatewayItalyClientApplication on gdipietro with PID 226916 (C:\WorkSpace\Immuni\immuni-efgs-gateway-client\target\classes started by gdipietro in C:\WorkSpace\Immuni\immuni-efgs-gateway-client)
2020-10-05 19:34:58.642  INFO [Italian client for interoperability with European Federation Gateway Service,] No active profile set, falling back to default profiles: default
2020-10-05 19:34:59.109  INFO [Italian client for interoperability with European Federation Gateway Service,] Bootstrapping Spring Data MongoDB repositories in DEFAULT mode.
2020-10-05 19:34:59.139  INFO [Italian client for interoperability with European Federation Gateway Service,] Finished Spring Data repository scanning in 27ms. Found 0 MongoDB repository interfaces.
2020-10-05 19:34:59.453  INFO [Italian client for interoperability with European Federation Gateway Service,] Tomcat initialized with port(s): 8080 (http)
2020-10-05 19:34:59.462  INFO [Italian client for interoperability with European Federation Gateway Service,] Initializing ProtocolHandler ["http-nio-8080"]
2020-10-05 19:34:59.462  INFO [Italian client for interoperability with European Federation Gateway Service,] Starting service [Tomcat]
2020-10-05 19:34:59.462  INFO [Italian client for interoperability with European Federation Gateway Service,] Starting Servlet engine: [Apache Tomcat/9.0.37]
2020-10-05 19:34:59.573  INFO [Italian client for interoperability with European Federation Gateway Service,] Initializing Spring embedded WebApplicationContext
2020-10-05 19:34:59.573  INFO [Italian client for interoperability with European Federation Gateway Service,] Root WebApplicationContext: initialization completed in 899 ms
2020-10-05 19:35:00.182  INFO [Italian client for interoperability with European Federation Gateway Service,] Cluster created with settings {hosts=[26.2.73.206:27017], mode=SINGLE, requiredClusterType=UNKNOWN, serverSelectionTimeout='30000 ms'}
2020-10-05 19:35:00.238  INFO [Italian client for interoperability with European Federation Gateway Service,] Opened connection [connectionId{localValue:1, serverValue:413}] to 26.2.73.206:27017
2020-10-05 19:35:00.241  INFO [Italian client for interoperability with European Federation Gateway Service,] Monitor thread successfully connected to server with description ServerDescription{address=26.2.73.206:27017, type=STANDALONE, state=CONNECTED, ok=true, minWireVersion=0, maxWireVersion=7, maxDocumentSize=16777216, logicalSessionTimeoutMinutes=30, roundTripTimeNanos=2241202}
2020-10-05 19:35:00.606  INFO [Italian client for interoperability with European Federation Gateway Service,] Initializing ExecutorService 'applicationTaskExecutor'
2020-10-05 19:35:00.746  INFO [Italian client for interoperability with European Federation Gateway Service,] Starting ProtocolHandler ["http-nio-8080"]
2020-10-05 19:35:00.775  INFO [Italian client for interoperability with European Federation Gateway Service,] Tomcat started on port(s): 8080 (http) with context path '/v1'
2020-10-05 19:35:00.782  INFO [Italian client for interoperability with European Federation Gateway Service,] Started EfgsGatewayItalyClientApplication in 2.38 seconds (JVM running for 3.456)
2020-10-05 19:35:12.975  INFO [Italian client for interoperability with European Federation Gateway Service,] Initializing Spring DispatcherServlet 'dispatcherServlet'
2020-10-05 19:35:12.976  INFO [Italian client for interoperability with European Federation Gateway Service,] Initializing Servlet 'dispatcherServlet'
2020-10-05 19:35:12.983  INFO [Italian client for interoperability with European Federation Gateway Service,] Completed initialization in 7 ms
2020-10-05 19:35:19.043  INFO [Italian client for interoperability with European Federation Gateway Service,] Opened connection [connectionId{localValue:2, serverValue:414}] to 26.2.73.206:27017
2020-10-05 19:35:40.545  INFO [Italian client for interoperability with European Federation Gateway Service,] Application shutdown requested.
2020-10-05 19:35:40.737  INFO [Italian client for interoperability with European Federation Gateway Service,] Shutting down ExecutorService 'applicationTaskExecutor'
2020-10-05 19:35:40.741  INFO [Italian client for interoperability with European Federation Gateway Service,] Closed connection [connectionId{localValue:2, serverValue:414}] to 26.2.73.206:27017 because the pool has been closed.
2020-10-05 19:39:57.678  INFO [Italian client for interoperability with European Federation Gateway Service,] HV000001: Hibernate Validator 6.1.5.Final
2020-10-05 19:39:57.695  INFO [Italian client for interoperability with European Federation Gateway Service,] Starting EfgsGatewayItalyClientApplication on gdipietro with PID 238556 (C:\WorkSpace\Immuni\immuni-efgs-gateway-client\target\classes started by gdipietro in C:\WorkSpace\Immuni\immuni-efgs-gateway-client)
2020-10-05 19:39:57.696  INFO [Italian client for interoperability with European Federation Gateway Service,] No active profile set, falling back to default profiles: default
2020-10-05 19:39:58.158  INFO [Italian client for interoperability with European Federation Gateway Service,] Bootstrapping Spring Data MongoDB repositories in DEFAULT mode.
2020-10-05 19:39:58.187  INFO [Italian client for interoperability with European Federation Gateway Service,] Finished Spring Data repository scanning in 26ms. Found 0 MongoDB repository interfaces.
2020-10-05 19:39:58.501  INFO [Italian client for interoperability with European Federation Gateway Service,] Tomcat initialized with port(s): 8080 (http)
2020-10-05 19:39:58.509  INFO [Italian client for interoperability with European Federation Gateway Service,] Initializing ProtocolHandler ["http-nio-8080"]
2020-10-05 19:39:58.509  INFO [Italian client for interoperability with European Federation Gateway Service,] Starting service [Tomcat]
2020-10-05 19:39:58.510  INFO [Italian client for interoperability with European Federation Gateway Service,] Starting Servlet engine: [Apache Tomcat/9.0.37]
2020-10-05 19:39:58.626  INFO [Italian client for interoperability with European Federation Gateway Service,] Initializing Spring embedded WebApplicationContext
2020-10-05 19:39:58.626  INFO [Italian client for interoperability with European Federation Gateway Service,] Root WebApplicationContext: initialization completed in 900 ms
2020-10-05 19:39:59.090  INFO [Italian client for interoperability with European Federation Gateway Service,] Cluster created with settings {hosts=[26.2.73.206:27017], mode=SINGLE, requiredClusterType=UNKNOWN, serverSelectionTimeout='30000 ms'}
2020-10-05 19:39:59.127  INFO [Italian client for interoperability with European Federation Gateway Service,] Opened connection [connectionId{localValue:1, serverValue:415}] to 26.2.73.206:27017
2020-10-05 19:39:59.130  INFO [Italian client for interoperability with European Federation Gateway Service,] Monitor thread successfully connected to server with description ServerDescription{address=26.2.73.206:27017, type=STANDALONE, state=CONNECTED, ok=true, minWireVersion=0, maxWireVersion=7, maxDocumentSize=16777216, logicalSessionTimeoutMinutes=30, roundTripTimeNanos=2090367}
2020-10-05 19:39:59.468  INFO [Italian client for interoperability with European Federation Gateway Service,] Initializing ExecutorService 'applicationTaskExecutor'
2020-10-05 19:39:59.599  INFO [Italian client for interoperability with European Federation Gateway Service,] Starting ProtocolHandler ["http-nio-8080"]
2020-10-05 19:39:59.620  INFO [Italian client for interoperability with European Federation Gateway Service,] Tomcat started on port(s): 8080 (http) with context path '/v1'
2020-10-05 19:39:59.627  INFO [Italian client for interoperability with European Federation Gateway Service,] Started EfgsGatewayItalyClientApplication in 2.168 seconds (JVM running for 3.01)
2020-10-05 19:40:07.341  INFO [Italian client for interoperability with European Federation Gateway Service,] Initializing Spring DispatcherServlet 'dispatcherServlet'
2020-10-05 19:40:07.341  INFO [Italian client for interoperability with European Federation Gateway Service,] Initializing Servlet 'dispatcherServlet'
2020-10-05 19:40:07.348  INFO [Italian client for interoperability with European Federation Gateway Service,] Completed initialization in 6 ms
2020-10-05 19:40:07.461  INFO [Italian client for interoperability with European Federation Gateway Service,] Opened connection [connectionId{localValue:2, serverValue:416}] to 26.2.73.206:27017
2020-10-05 19:40:12.000  INFO [Italian client for interoperability with European Federation Gateway Service,] Application shutdown requested.
2020-10-05 19:40:12.186  INFO [Italian client for interoperability with European Federation Gateway Service,] Shutting down ExecutorService 'applicationTaskExecutor'
2020-10-05 19:40:12.188  INFO [Italian client for interoperability with European Federation Gateway Service,] Closed connection [connectionId{localValue:2, serverValue:416}] to 26.2.73.206:27017 because the pool has been closed.
2020-10-05 19:44:49.385  INFO [Italian client for interoperability with European Federation Gateway Service,] HV000001: Hibernate Validator 6.1.5.Final
2020-10-05 19:44:49.401  INFO [Italian client for interoperability with European Federation Gateway Service,] Starting EfgsGatewayItalyClientApplication on gdipietro with PID 228876 (C:\WorkSpace\Immuni\immuni-efgs-gateway-client\target\classes started by gdipietro in C:\WorkSpace\Immuni\immuni-efgs-gateway-client)
2020-10-05 19:44:49.403  INFO [Italian client for interoperability with European Federation Gateway Service,] No active profile set, falling back to default profiles: default
2020-10-05 19:44:49.902  INFO [Italian client for interoperability with European Federation Gateway Service,] Bootstrapping Spring Data MongoDB repositories in DEFAULT mode.
2020-10-05 19:44:49.934  INFO [Italian client for interoperability with European Federation Gateway Service,] Finished Spring Data repository scanning in 29ms. Found 0 MongoDB repository interfaces.
2020-10-05 19:44:50.272  INFO [Italian client for interoperability with European Federation Gateway Service,] Tomcat initialized with port(s): 8080 (http)
2020-10-05 19:44:50.280  INFO [Italian client for interoperability with European Federation Gateway Service,] Initializing ProtocolHandler ["http-nio-8080"]
2020-10-05 19:44:50.280  INFO [Italian client for interoperability with European Federation Gateway Service,] Starting service [Tomcat]
2020-10-05 19:44:50.280  INFO [Italian client for interoperability with European Federation Gateway Service,] Starting Servlet engine: [Apache Tomcat/9.0.37]
2020-10-05 19:44:50.389  INFO [Italian client for interoperability with European Federation Gateway Service,] Initializing Spring embedded WebApplicationContext
2020-10-05 19:44:50.390  INFO [Italian client for interoperability with European Federation Gateway Service,] Root WebApplicationContext: initialization completed in 954 ms
2020-10-05 19:44:50.899  INFO [Italian client for interoperability with European Federation Gateway Service,] Cluster created with settings {hosts=[26.2.73.206:27017], mode=SINGLE, requiredClusterType=UNKNOWN, serverSelectionTimeout='30000 ms'}
2020-10-05 19:44:50.964  INFO [Italian client for interoperability with European Federation Gateway Service,] Opened connection [connectionId{localValue:1, serverValue:417}] to 26.2.73.206:27017
2020-10-05 19:44:50.969  INFO [Italian client for interoperability with European Federation Gateway Service,] Monitor thread successfully connected to server with description ServerDescription{address=26.2.73.206:27017, type=STANDALONE, state=CONNECTED, ok=true, minWireVersion=0, maxWireVersion=7, maxDocumentSize=16777216, logicalSessionTimeoutMinutes=30, roundTripTimeNanos=3329803}
2020-10-05 19:44:51.303  INFO [Italian client for interoperability with European Federation Gateway Service,] Initializing ExecutorService 'applicationTaskExecutor'
2020-10-05 19:44:51.448  INFO [Italian client for interoperability with European Federation Gateway Service,] Starting ProtocolHandler ["http-nio-8080"]
2020-10-05 19:44:51.472  INFO [Italian client for interoperability with European Federation Gateway Service,] Tomcat started on port(s): 8080 (http) with context path '/v1'
2020-10-05 19:44:51.478  INFO [Italian client for interoperability with European Federation Gateway Service,] Started EfgsGatewayItalyClientApplication in 2.318 seconds (JVM running for 3.213)
2020-10-05 19:44:57.534  INFO [Italian client for interoperability with European Federation Gateway Service,] Initializing Spring DispatcherServlet 'dispatcherServlet'
2020-10-05 19:44:57.534  INFO [Italian client for interoperability with European Federation Gateway Service,] Initializing Servlet 'dispatcherServlet'
2020-10-05 19:44:57.539  INFO [Italian client for interoperability with European Federation Gateway Service,] Completed initialization in 5 ms
2020-10-05 19:44:57.652  INFO [Italian client for interoperability with European Federation Gateway Service,] Opened connection [connectionId{localValue:2, serverValue:418}] to 26.2.73.206:27017
2020-10-05 19:46:18.392  INFO [Italian client for interoperability with European Federation Gateway Service,] Application shutdown requested.
2020-10-05 19:46:18.577  INFO [Italian client for interoperability with European Federation Gateway Service,] Shutting down ExecutorService 'applicationTaskExecutor'
2020-10-05 19:46:18.581  INFO [Italian client for interoperability with European Federation Gateway Service,] Closed connection [connectionId{localValue:2, serverValue:418}] to 26.2.73.206:27017 because the pool has been closed.
