2020-10-01 09:14:40.089  INFO [Italian client for interoperability with European Federation Gateway Service,] HV000001: Hibernate Validator 6.1.5.Final
2020-10-01 09:14:40.107  INFO [Italian client for interoperability with European Federation Gateway Service,] Starting EfgsGatewayItalyClientApplication on gdipietro with PID 162904 (C:\WorkSpace\Immuni\immuni-efgs-gateway-client\target\classes started by gdipietro in C:\WorkSpace\Immuni\immuni-efgs-gateway-client)
2020-10-01 09:14:40.109  INFO [Italian client for interoperability with European Federation Gateway Service,] No active profile set, falling back to default profiles: default
2020-10-01 09:14:40.668  INFO [Italian client for interoperability with European Federation Gateway Service,] Bootstrapping Spring Data MongoDB repositories in DEFAULT mode.
2020-10-01 09:14:40.739  INFO [Italian client for interoperability with European Federation Gateway Service,] Finished Spring Data repository scanning in 67ms. Found 1 MongoDB repository interfaces.
2020-10-01 09:14:41.080  INFO [Italian client for interoperability with European Federation Gateway Service,] Tomcat initialized with port(s): 8080 (http)
2020-10-01 09:14:41.100  INFO [Italian client for interoperability with European Federation Gateway Service,] Initializing ProtocolHandler ["http-nio-8080"]
2020-10-01 09:14:41.100  INFO [Italian client for interoperability with European Federation Gateway Service,] Starting service [Tomcat]
2020-10-01 09:14:41.101  INFO [Italian client for interoperability with European Federation Gateway Service,] Starting Servlet engine: [Apache Tomcat/9.0.37]
2020-10-01 09:14:41.216  INFO [Italian client for interoperability with European Federation Gateway Service,] Initializing Spring embedded WebApplicationContext
2020-10-01 09:14:41.217  INFO [Italian client for interoperability with European Federation Gateway Service,] Root WebApplicationContext: initialization completed in 1070 ms
2020-10-01 09:14:41.843  INFO [Italian client for interoperability with European Federation Gateway Service,] Cluster created with settings {hosts=[26.2.73.206:27017], mode=SINGLE, requiredClusterType=UNKNOWN, serverSelectionTimeout='30000 ms'}
2020-10-01 09:14:41.891  INFO [Italian client for interoperability with European Federation Gateway Service,] Opened connection [connectionId{localValue:1, serverValue:378}] to 26.2.73.206:27017
2020-10-01 09:14:41.894  INFO [Italian client for interoperability with European Federation Gateway Service,] Monitor thread successfully connected to server with description ServerDescription{address=26.2.73.206:27017, type=STANDALONE, state=CONNECTED, ok=true, minWireVersion=0, maxWireVersion=7, maxDocumentSize=16777216, logicalSessionTimeoutMinutes=30, roundTripTimeNanos=2239099}
2020-10-01 09:14:42.257  INFO [Italian client for interoperability with European Federation Gateway Service,] Initializing ExecutorService 'applicationTaskExecutor'
2020-10-01 09:14:42.379  INFO [Italian client for interoperability with European Federation Gateway Service,] Starting ProtocolHandler ["http-nio-8080"]
2020-10-01 09:14:42.397  WARN [Italian client for interoperability with European Federation Gateway Service,] Exception encountered during context initialization - cancelling refresh attempt: org.springframework.context.ApplicationContextException: Failed to start bean 'webServerStartStop'; nested exception is org.springframework.boot.web.server.PortInUseException: Port 8080 is already in use
2020-10-01 09:14:42.398  INFO [Italian client for interoperability with European Federation Gateway Service,] Shutting down ExecutorService 'applicationTaskExecutor'
2020-10-01 09:14:42.401  INFO [Italian client for interoperability with European Federation Gateway Service,] Pausing ProtocolHandler ["http-nio-8080"]
2020-10-01 09:14:42.401  INFO [Italian client for interoperability with European Federation Gateway Service,] Stopping service [Tomcat]
2020-10-01 09:14:42.407  INFO [Italian client for interoperability with European Federation Gateway Service,] Stopping ProtocolHandler ["http-nio-8080"]
2020-10-01 09:14:42.407  INFO [Italian client for interoperability with European Federation Gateway Service,] Destroying ProtocolHandler ["http-nio-8080"]
2020-10-01 09:14:42.412  INFO [Italian client for interoperability with European Federation Gateway Service,] 

Error starting ApplicationContext. To display the conditions report re-run your application with 'debug' enabled.
2020-10-01 09:14:42.416 ERROR [Italian client for interoperability with European Federation Gateway Service,] 

***************************
APPLICATION FAILED TO START
***************************

Description:

Web server failed to start. Port 8080 was already in use.

Action:

Identify and stop the process that's listening on port 8080 or configure this application to listen on another port.

2020-10-01 16:25:45.598  INFO [Italian client for interoperability with European Federation Gateway Service,] HV000001: Hibernate Validator 6.1.5.Final
2020-10-01 16:25:45.613  INFO [Italian client for interoperability with European Federation Gateway Service,] Starting EfgsGatewayItalyClientApplication on gdipietro with PID 7188 (C:\WorkSpace\Immuni\immuni-efgs-gateway-client\target\classes started by gdipietro in C:\WorkSpace\Immuni\immuni-efgs-gateway-client)
2020-10-01 16:25:45.615  INFO [Italian client for interoperability with European Federation Gateway Service,] No active profile set, falling back to default profiles: default
2020-10-01 16:25:46.112  INFO [Italian client for interoperability with European Federation Gateway Service,] Bootstrapping Spring Data MongoDB repositories in DEFAULT mode.
2020-10-01 16:25:46.140  INFO [Italian client for interoperability with European Federation Gateway Service,] Finished Spring Data repository scanning in 24ms. Found 0 MongoDB repository interfaces.
2020-10-01 16:25:46.455  INFO [Italian client for interoperability with European Federation Gateway Service,] Tomcat initialized with port(s): 8080 (http)
2020-10-01 16:25:46.462  INFO [Italian client for interoperability with European Federation Gateway Service,] Initializing ProtocolHandler ["http-nio-8080"]
2020-10-01 16:25:46.463  INFO [Italian client for interoperability with European Federation Gateway Service,] Starting service [Tomcat]
2020-10-01 16:25:46.463  INFO [Italian client for interoperability with European Federation Gateway Service,] Starting Servlet engine: [Apache Tomcat/9.0.37]
2020-10-01 16:25:46.571  INFO [Italian client for interoperability with European Federation Gateway Service,] Initializing Spring embedded WebApplicationContext
2020-10-01 16:25:46.571  INFO [Italian client for interoperability with European Federation Gateway Service,] Root WebApplicationContext: initialization completed in 903 ms
2020-10-01 16:25:47.724  WARN [Italian client for interoperability with European Federation Gateway Service,] Exception encountered during context initialization - cancelling refresh attempt: org.springframework.beans.factory.UnsatisfiedDependencyException: Error creating bean with name 'healthController': Unsatisfied dependency expressed through field 'diagnosisKeyRepository'; nested exception is org.springframework.beans.factory.NoSuchBeanDefinitionException: No qualifying bean of type 'it.interop.federationgateway.repository.UploadUeRawRepository' available: expected at least 1 bean which qualifies as autowire candidate. Dependency annotations: {@org.springframework.beans.factory.annotation.Autowired(required=true)}
2020-10-01 16:25:47.726  INFO [Italian client for interoperability with European Federation Gateway Service,] Stopping service [Tomcat]
2020-10-01 16:25:47.740  INFO [Italian client for interoperability with European Federation Gateway Service,] 

Error starting ApplicationContext. To display the conditions report re-run your application with 'debug' enabled.
2020-10-01 16:25:47.836 ERROR [Italian client for interoperability with European Federation Gateway Service,] 

***************************
APPLICATION FAILED TO START
***************************

Description:

Field diagnosisKeyRepository in it.interop.federationgateway.controller.HealthController required a bean of type 'it.interop.federationgateway.repository.UploadUeRawRepository' that could not be found.

The injection point has the following annotations:
	- @org.springframework.beans.factory.annotation.Autowired(required=true)


Action:

Consider defining a bean of type 'it.interop.federationgateway.repository.UploadUeRawRepository' in your configuration.

2020-10-01 16:27:18.441  INFO [Italian client for interoperability with European Federation Gateway Service,] HV000001: Hibernate Validator 6.1.5.Final
2020-10-01 16:27:18.456  INFO [Italian client for interoperability with European Federation Gateway Service,] Starting EfgsGatewayItalyClientApplication on gdipietro with PID 168660 (C:\WorkSpace\Immuni\immuni-efgs-gateway-client\target\classes started by gdipietro in C:\WorkSpace\Immuni\immuni-efgs-gateway-client)
2020-10-01 16:27:18.457  INFO [Italian client for interoperability with European Federation Gateway Service,] No active profile set, falling back to default profiles: default
2020-10-01 16:27:18.948  INFO [Italian client for interoperability with European Federation Gateway Service,] Bootstrapping Spring Data MongoDB repositories in DEFAULT mode.
2020-10-01 16:27:18.978  INFO [Italian client for interoperability with European Federation Gateway Service,] Finished Spring Data repository scanning in 27ms. Found 0 MongoDB repository interfaces.
2020-10-01 16:27:19.311  INFO [Italian client for interoperability with European Federation Gateway Service,] Tomcat initialized with port(s): 8080 (http)
2020-10-01 16:27:19.320  INFO [Italian client for interoperability with European Federation Gateway Service,] Initializing ProtocolHandler ["http-nio-8080"]
2020-10-01 16:27:19.320  INFO [Italian client for interoperability with European Federation Gateway Service,] Starting service [Tomcat]
2020-10-01 16:27:19.321  INFO [Italian client for interoperability with European Federation Gateway Service,] Starting Servlet engine: [Apache Tomcat/9.0.37]
2020-10-01 16:27:19.432  INFO [Italian client for interoperability with European Federation Gateway Service,] Initializing Spring embedded WebApplicationContext
2020-10-01 16:27:19.432  INFO [Italian client for interoperability with European Federation Gateway Service,] Root WebApplicationContext: initialization completed in 932 ms
2020-10-01 16:27:19.871  WARN [Italian client for interoperability with European Federation Gateway Service,] Exception encountered during context initialization - cancelling refresh attempt: org.springframework.beans.factory.UnsatisfiedDependencyException: Error creating bean with name 'testController': Unsatisfied dependency expressed through field 'diagnosisKeyRepository'; nested exception is org.springframework.beans.factory.NoSuchBeanDefinitionException: No qualifying bean of type 'it.interop.federationgateway.repository.UploadUeRawRepository' available: expected at least 1 bean which qualifies as autowire candidate. Dependency annotations: {@org.springframework.beans.factory.annotation.Autowired(required=true)}
2020-10-01 16:27:19.873  INFO [Italian client for interoperability with European Federation Gateway Service,] Stopping service [Tomcat]
2020-10-01 16:27:19.885  INFO [Italian client for interoperability with European Federation Gateway Service,] 

Error starting ApplicationContext. To display the conditions report re-run your application with 'debug' enabled.
2020-10-01 16:27:19.984 ERROR [Italian client for interoperability with European Federation Gateway Service,] 

***************************
APPLICATION FAILED TO START
***************************

Description:

Field diagnosisKeyRepository in it.interop.federationgateway.controller.TestController required a bean of type 'it.interop.federationgateway.repository.UploadUeRawRepository' that could not be found.

The injection point has the following annotations:
	- @org.springframework.beans.factory.annotation.Autowired(required=true)


Action:

Consider defining a bean of type 'it.interop.federationgateway.repository.UploadUeRawRepository' in your configuration.

2020-10-01 16:29:24.532  INFO [Italian client for interoperability with European Federation Gateway Service,] HV000001: Hibernate Validator 6.1.5.Final
2020-10-01 16:29:24.550  INFO [Italian client for interoperability with European Federation Gateway Service,] Starting EfgsGatewayItalyClientApplication on gdipietro with PID 171164 (C:\WorkSpace\Immuni\immuni-efgs-gateway-client\target\classes started by gdipietro in C:\WorkSpace\Immuni\immuni-efgs-gateway-client)
2020-10-01 16:29:24.551  INFO [Italian client for interoperability with European Federation Gateway Service,] No active profile set, falling back to default profiles: default
2020-10-01 16:29:24.988  INFO [Italian client for interoperability with European Federation Gateway Service,] Bootstrapping Spring Data MongoDB repositories in DEFAULT mode.
2020-10-01 16:29:25.017  INFO [Italian client for interoperability with European Federation Gateway Service,] Finished Spring Data repository scanning in 25ms. Found 0 MongoDB repository interfaces.
2020-10-01 16:29:25.312  INFO [Italian client for interoperability with European Federation Gateway Service,] Tomcat initialized with port(s): 8080 (http)
2020-10-01 16:29:25.320  INFO [Italian client for interoperability with European Federation Gateway Service,] Initializing ProtocolHandler ["http-nio-8080"]
2020-10-01 16:29:25.321  INFO [Italian client for interoperability with European Federation Gateway Service,] Starting service [Tomcat]
2020-10-01 16:29:25.321  INFO [Italian client for interoperability with European Federation Gateway Service,] Starting Servlet engine: [Apache Tomcat/9.0.37]
2020-10-01 16:29:25.415  INFO [Italian client for interoperability with European Federation Gateway Service,] Initializing Spring embedded WebApplicationContext
2020-10-01 16:29:25.415  INFO [Italian client for interoperability with European Federation Gateway Service,] Root WebApplicationContext: initialization completed in 835 ms
2020-10-01 16:29:25.807  WARN [Italian client for interoperability with European Federation Gateway Service,] Exception encountered during context initialization - cancelling refresh attempt: org.springframework.beans.factory.UnsatisfiedDependencyException: Error creating bean with name 'testController': Unsatisfied dependency expressed through field 'diagnosisKeyRepository'; nested exception is org.springframework.beans.factory.NoSuchBeanDefinitionException: No qualifying bean of type 'it.interop.federationgateway.repository.UploadUeRawRepository' available: expected at least 1 bean which qualifies as autowire candidate. Dependency annotations: {@org.springframework.beans.factory.annotation.Autowired(required=true)}
2020-10-01 16:29:25.809  INFO [Italian client for interoperability with European Federation Gateway Service,] Stopping service [Tomcat]
2020-10-01 16:29:25.819  INFO [Italian client for interoperability with European Federation Gateway Service,] 

Error starting ApplicationContext. To display the conditions report re-run your application with 'debug' enabled.
2020-10-01 16:29:25.914 ERROR [Italian client for interoperability with European Federation Gateway Service,] 

***************************
APPLICATION FAILED TO START
***************************

Description:

Field diagnosisKeyRepository in it.interop.federationgateway.controller.TestController required a bean of type 'it.interop.federationgateway.repository.UploadUeRawRepository' that could not be found.

The injection point has the following annotations:
	- @org.springframework.beans.factory.annotation.Autowired(required=true)


Action:

Consider defining a bean of type 'it.interop.federationgateway.repository.UploadUeRawRepository' in your configuration.

2020-10-01 16:32:39.058  INFO [Italian client for interoperability with European Federation Gateway Service,] HV000001: Hibernate Validator 6.1.5.Final
2020-10-01 16:32:39.069  INFO [Italian client for interoperability with European Federation Gateway Service,] Starting EfgsGatewayItalyClientApplication on gdipietro with PID 174060 (C:\WorkSpace\Immuni\immuni-efgs-gateway-client\target\classes started by gdipietro in C:\WorkSpace\Immuni\immuni-efgs-gateway-client)
2020-10-01 16:32:39.070  INFO [Italian client for interoperability with European Federation Gateway Service,] No active profile set, falling back to default profiles: default
2020-10-01 16:32:39.588  INFO [Italian client for interoperability with European Federation Gateway Service,] Bootstrapping Spring Data MongoDB repositories in DEFAULT mode.
2020-10-01 16:32:39.617  INFO [Italian client for interoperability with European Federation Gateway Service,] Finished Spring Data repository scanning in 25ms. Found 0 MongoDB repository interfaces.
2020-10-01 16:32:39.932  INFO [Italian client for interoperability with European Federation Gateway Service,] Tomcat initialized with port(s): 8080 (http)
2020-10-01 16:32:39.939  INFO [Italian client for interoperability with European Federation Gateway Service,] Initializing ProtocolHandler ["http-nio-8080"]
2020-10-01 16:32:39.940  INFO [Italian client for interoperability with European Federation Gateway Service,] Starting service [Tomcat]
2020-10-01 16:32:39.940  INFO [Italian client for interoperability with European Federation Gateway Service,] Starting Servlet engine: [Apache Tomcat/9.0.37]
2020-10-01 16:32:40.042  INFO [Italian client for interoperability with European Federation Gateway Service,] Initializing Spring embedded WebApplicationContext
2020-10-01 16:32:40.042  INFO [Italian client for interoperability with European Federation Gateway Service,] Root WebApplicationContext: initialization completed in 938 ms
2020-10-01 16:32:40.516  INFO [Italian client for interoperability with European Federation Gateway Service,] Cluster created with settings {hosts=[26.2.73.206:27017], mode=SINGLE, requiredClusterType=UNKNOWN, serverSelectionTimeout='30000 ms'}
2020-10-01 16:32:40.581  INFO [Italian client for interoperability with European Federation Gateway Service,] Opened connection [connectionId{localValue:1, serverValue:379}] to 26.2.73.206:27017
2020-10-01 16:32:40.585  INFO [Italian client for interoperability with European Federation Gateway Service,] Monitor thread successfully connected to server with description ServerDescription{address=26.2.73.206:27017, type=STANDALONE, state=CONNECTED, ok=true, minWireVersion=0, maxWireVersion=7, maxDocumentSize=16777216, logicalSessionTimeoutMinutes=30, roundTripTimeNanos=2316621}
2020-10-01 16:32:40.933  INFO [Italian client for interoperability with European Federation Gateway Service,] Initializing ExecutorService 'applicationTaskExecutor'
2020-10-01 16:32:41.075  INFO [Italian client for interoperability with European Federation Gateway Service,] Starting ProtocolHandler ["http-nio-8080"]
2020-10-01 16:32:41.108  INFO [Italian client for interoperability with European Federation Gateway Service,] Tomcat started on port(s): 8080 (http) with context path '/v1'
2020-10-01 16:32:41.118  INFO [Italian client for interoperability with European Federation Gateway Service,] Started EfgsGatewayItalyClientApplication in 2.301 seconds (JVM running for 3.38)
2020-10-01 16:33:41.269  INFO [Italian client for interoperability with European Federation Gateway Service,] Initializing Spring DispatcherServlet 'dispatcherServlet'
2020-10-01 16:33:41.270  INFO [Italian client for interoperability with European Federation Gateway Service,] Initializing Servlet 'dispatcherServlet'
2020-10-01 16:33:41.276  INFO [Italian client for interoperability with European Federation Gateway Service,] Completed initialization in 6 ms
2020-10-01 16:34:05.036  WARN [Italian client for interoperability with European Federation Gateway Service,] Resolved [org.springframework.web.bind.MissingPathVariableException: Missing URI template variable 'batchTag' for method parameter of type String]
2020-10-01 16:34:41.889  INFO [Italian client for interoperability with European Federation Gateway Service,] Application shutdown requested.
2020-10-01 16:34:42.057  INFO [Italian client for interoperability with European Federation Gateway Service,] Shutting down ExecutorService 'applicationTaskExecutor'
2020-10-01 16:35:10.856  INFO [Italian client for interoperability with European Federation Gateway Service,] HV000001: Hibernate Validator 6.1.5.Final
2020-10-01 16:35:10.873  INFO [Italian client for interoperability with European Federation Gateway Service,] Starting EfgsGatewayItalyClientApplication on gdipietro with PID 173884 (C:\WorkSpace\Immuni\immuni-efgs-gateway-client\target\classes started by gdipietro in C:\WorkSpace\Immuni\immuni-efgs-gateway-client)
2020-10-01 16:35:10.875  INFO [Italian client for interoperability with European Federation Gateway Service,] No active profile set, falling back to default profiles: default
2020-10-01 16:35:11.340  INFO [Italian client for interoperability with European Federation Gateway Service,] Bootstrapping Spring Data MongoDB repositories in DEFAULT mode.
2020-10-01 16:35:11.371  INFO [Italian client for interoperability with European Federation Gateway Service,] Finished Spring Data repository scanning in 28ms. Found 0 MongoDB repository interfaces.
2020-10-01 16:35:11.699  INFO [Italian client for interoperability with European Federation Gateway Service,] Tomcat initialized with port(s): 8080 (http)
2020-10-01 16:35:11.706  INFO [Italian client for interoperability with European Federation Gateway Service,] Initializing ProtocolHandler ["http-nio-8080"]
2020-10-01 16:35:11.707  INFO [Italian client for interoperability with European Federation Gateway Service,] Starting service [Tomcat]
2020-10-01 16:35:11.707  INFO [Italian client for interoperability with European Federation Gateway Service,] Starting Servlet engine: [Apache Tomcat/9.0.37]
2020-10-01 16:35:11.815  INFO [Italian client for interoperability with European Federation Gateway Service,] Initializing Spring embedded WebApplicationContext
2020-10-01 16:35:11.815  INFO [Italian client for interoperability with European Federation Gateway Service,] Root WebApplicationContext: initialization completed in 906 ms
2020-10-01 16:35:12.278  INFO [Italian client for interoperability with European Federation Gateway Service,] Cluster created with settings {hosts=[26.2.73.206:27017], mode=SINGLE, requiredClusterType=UNKNOWN, serverSelectionTimeout='30000 ms'}
2020-10-01 16:35:12.317  INFO [Italian client for interoperability with European Federation Gateway Service,] Opened connection [connectionId{localValue:1, serverValue:380}] to 26.2.73.206:27017
2020-10-01 16:35:12.320  INFO [Italian client for interoperability with European Federation Gateway Service,] Monitor thread successfully connected to server with description ServerDescription{address=26.2.73.206:27017, type=STANDALONE, state=CONNECTED, ok=true, minWireVersion=0, maxWireVersion=7, maxDocumentSize=16777216, logicalSessionTimeoutMinutes=30, roundTripTimeNanos=2290180}
2020-10-01 16:35:12.676  INFO [Italian client for interoperability with European Federation Gateway Service,] Initializing ExecutorService 'applicationTaskExecutor'
2020-10-01 16:35:12.808  INFO [Italian client for interoperability with European Federation Gateway Service,] Starting ProtocolHandler ["http-nio-8080"]
2020-10-01 16:35:12.837  INFO [Italian client for interoperability with European Federation Gateway Service,] Tomcat started on port(s): 8080 (http) with context path '/v1'
2020-10-01 16:35:12.846  INFO [Italian client for interoperability with European Federation Gateway Service,] Started EfgsGatewayItalyClientApplication in 2.227 seconds (JVM running for 3.18)
2020-10-01 16:35:20.847  INFO [Italian client for interoperability with European Federation Gateway Service,] Initializing Spring DispatcherServlet 'dispatcherServlet'
2020-10-01 16:35:20.847  INFO [Italian client for interoperability with European Federation Gateway Service,] Initializing Servlet 'dispatcherServlet'
2020-10-01 16:35:20.854  INFO [Italian client for interoperability with European Federation Gateway Service,] Completed initialization in 7 ms
2020-10-01 16:35:21.016  INFO [Italian client for interoperability with European Federation Gateway Service,] Opened connection [connectionId{localValue:2, serverValue:381}] to 26.2.73.206:27017
2020-10-01 16:47:36.403  INFO [Italian client for interoperability with European Federation Gateway Service,] HV000001: Hibernate Validator 6.1.5.Final
2020-10-01 16:47:36.419  INFO [Italian client for interoperability with European Federation Gateway Service,] Starting EfgsGatewayItalyClientApplication on gdipietro with PID 171108 (C:\WorkSpace\Immuni\immuni-efgs-gateway-client\target\classes started by gdipietro in C:\WorkSpace\Immuni\immuni-efgs-gateway-client)
2020-10-01 16:47:36.420  INFO [Italian client for interoperability with European Federation Gateway Service,] No active profile set, falling back to default profiles: default
2020-10-01 16:47:36.881  INFO [Italian client for interoperability with European Federation Gateway Service,] Bootstrapping Spring Data MongoDB repositories in DEFAULT mode.
2020-10-01 16:47:36.909  INFO [Italian client for interoperability with European Federation Gateway Service,] Finished Spring Data repository scanning in 24ms. Found 0 MongoDB repository interfaces.
2020-10-01 16:47:37.219  INFO [Italian client for interoperability with European Federation Gateway Service,] Tomcat initialized with port(s): 8080 (http)
2020-10-01 16:47:37.227  INFO [Italian client for interoperability with European Federation Gateway Service,] Initializing ProtocolHandler ["http-nio-8080"]
2020-10-01 16:47:37.227  INFO [Italian client for interoperability with European Federation Gateway Service,] Starting service [Tomcat]
2020-10-01 16:47:37.227  INFO [Italian client for interoperability with European Federation Gateway Service,] Starting Servlet engine: [Apache Tomcat/9.0.37]
2020-10-01 16:47:37.339  INFO [Italian client for interoperability with European Federation Gateway Service,] Initializing Spring embedded WebApplicationContext
2020-10-01 16:47:37.339  INFO [Italian client for interoperability with European Federation Gateway Service,] Root WebApplicationContext: initialization completed in 885 ms
2020-10-01 16:47:37.814  INFO [Italian client for interoperability with European Federation Gateway Service,] Cluster created with settings {hosts=[26.2.73.206:27017], mode=SINGLE, requiredClusterType=UNKNOWN, serverSelectionTimeout='30000 ms'}
2020-10-01 16:47:37.854  INFO [Italian client for interoperability with European Federation Gateway Service,] Opened connection [connectionId{localValue:1, serverValue:382}] to 26.2.73.206:27017
2020-10-01 16:47:37.857  INFO [Italian client for interoperability with European Federation Gateway Service,] Monitor thread successfully connected to server with description ServerDescription{address=26.2.73.206:27017, type=STANDALONE, state=CONNECTED, ok=true, minWireVersion=0, maxWireVersion=7, maxDocumentSize=16777216, logicalSessionTimeoutMinutes=30, roundTripTimeNanos=2193428}
2020-10-01 16:47:38.225  INFO [Italian client for interoperability with European Federation Gateway Service,] Initializing ExecutorService 'applicationTaskExecutor'
2020-10-01 16:47:38.369  INFO [Italian client for interoperability with European Federation Gateway Service,] Starting ProtocolHandler ["http-nio-8080"]
2020-10-01 16:47:38.400  INFO [Italian client for interoperability with European Federation Gateway Service,] Tomcat started on port(s): 8080 (http) with context path '/v1'
2020-10-01 16:47:38.409  INFO [Italian client for interoperability with European Federation Gateway Service,] Started EfgsGatewayItalyClientApplication in 2.313 seconds (JVM running for 3.279)
2020-10-01 16:47:42.264  INFO [Italian client for interoperability with European Federation Gateway Service,] Initializing Spring DispatcherServlet 'dispatcherServlet'
2020-10-01 16:47:42.265  INFO [Italian client for interoperability with European Federation Gateway Service,] Initializing Servlet 'dispatcherServlet'
2020-10-01 16:47:42.271  INFO [Italian client for interoperability with European Federation Gateway Service,] Completed initialization in 6 ms
2020-10-01 16:48:07.741  INFO [Italian client for interoperability with European Federation Gateway Service,] Opened connection [connectionId{localValue:2, serverValue:383}] to 26.2.73.206:27017
2020-10-01 16:52:39.823  INFO [Italian client for interoperability with European Federation Gateway Service,] HV000001: Hibernate Validator 6.1.5.Final
2020-10-01 16:52:39.841  INFO [Italian client for interoperability with European Federation Gateway Service,] Starting EfgsGatewayItalyClientApplication on gdipietro with PID 72000 (C:\WorkSpace\Immuni\immuni-efgs-gateway-client\target\classes started by gdipietro in C:\WorkSpace\Immuni\immuni-efgs-gateway-client)
2020-10-01 16:52:39.844  INFO [Italian client for interoperability with European Federation Gateway Service,] No active profile set, falling back to default profiles: default
2020-10-01 16:52:40.311  INFO [Italian client for interoperability with European Federation Gateway Service,] Bootstrapping Spring Data MongoDB repositories in DEFAULT mode.
2020-10-01 16:52:40.340  INFO [Italian client for interoperability with European Federation Gateway Service,] Finished Spring Data repository scanning in 26ms. Found 0 MongoDB repository interfaces.
2020-10-01 16:52:40.654  INFO [Italian client for interoperability with European Federation Gateway Service,] Tomcat initialized with port(s): 8080 (http)
2020-10-01 16:52:40.661  INFO [Italian client for interoperability with European Federation Gateway Service,] Initializing ProtocolHandler ["http-nio-8080"]
2020-10-01 16:52:40.661  INFO [Italian client for interoperability with European Federation Gateway Service,] Starting service [Tomcat]
2020-10-01 16:52:40.662  INFO [Italian client for interoperability with European Federation Gateway Service,] Starting Servlet engine: [Apache Tomcat/9.0.37]
2020-10-01 16:52:40.759  INFO [Italian client for interoperability with European Federation Gateway Service,] Initializing Spring embedded WebApplicationContext
2020-10-01 16:52:40.759  INFO [Italian client for interoperability with European Federation Gateway Service,] Root WebApplicationContext: initialization completed in 880 ms
2020-10-01 16:52:41.254  INFO [Italian client for interoperability with European Federation Gateway Service,] Cluster created with settings {hosts=[26.2.73.206:27017], mode=SINGLE, requiredClusterType=UNKNOWN, serverSelectionTimeout='30000 ms'}
2020-10-01 16:52:41.296  INFO [Italian client for interoperability with European Federation Gateway Service,] Opened connection [connectionId{localValue:1, serverValue:384}] to 26.2.73.206:27017
2020-10-01 16:52:41.300  INFO [Italian client for interoperability with European Federation Gateway Service,] Monitor thread successfully connected to server with description ServerDescription{address=26.2.73.206:27017, type=STANDALONE, state=CONNECTED, ok=true, minWireVersion=0, maxWireVersion=7, maxDocumentSize=16777216, logicalSessionTimeoutMinutes=30, roundTripTimeNanos=2238498}
2020-10-01 16:52:41.680  INFO [Italian client for interoperability with European Federation Gateway Service,] Initializing ExecutorService 'applicationTaskExecutor'
2020-10-01 16:52:41.820  INFO [Italian client for interoperability with European Federation Gateway Service,] Starting ProtocolHandler ["http-nio-8080"]
2020-10-01 16:52:41.848  INFO [Italian client for interoperability with European Federation Gateway Service,] Tomcat started on port(s): 8080 (http) with context path '/v1'
2020-10-01 16:52:41.857  INFO [Italian client for interoperability with European Federation Gateway Service,] Started EfgsGatewayItalyClientApplication in 2.27 seconds (JVM running for 3.171)
2020-10-01 16:52:47.865  INFO [Italian client for interoperability with European Federation Gateway Service,] Initializing Spring DispatcherServlet 'dispatcherServlet'
2020-10-01 16:52:47.866  INFO [Italian client for interoperability with European Federation Gateway Service,] Initializing Servlet 'dispatcherServlet'
2020-10-01 16:52:47.874  INFO [Italian client for interoperability with European Federation Gateway Service,] Completed initialization in 8 ms
2020-10-01 16:53:13.212  INFO [Italian client for interoperability with European Federation Gateway Service,] Opened connection [connectionId{localValue:2, serverValue:385}] to 26.2.73.206:27017
2020-10-01 17:05:56.115  INFO [Italian client for interoperability with European Federation Gateway Service,] Application shutdown requested.
2020-10-01 17:05:56.291  INFO [Italian client for interoperability with European Federation Gateway Service,] Shutting down ExecutorService 'applicationTaskExecutor'
2020-10-01 17:05:56.293  INFO [Italian client for interoperability with European Federation Gateway Service,] Closed connection [connectionId{localValue:2, serverValue:385}] to 26.2.73.206:27017 because the pool has been closed.
