2020-10-04 19:22:24.102  INFO [Italian client for interoperability with European Federation Gateway Service,] Application shutdown requested.
2020-10-04 19:22:24.521  INFO [Italian client for interoperability with European Federation Gateway Service,] Shutting down ExecutorService 'applicationTaskExecutor'
2020-10-04 19:23:27.332  INFO [Italian client for interoperability with European Federation Gateway Service,] HV000001: Hibernate Validator 6.1.5.Final
2020-10-04 19:23:27.351  INFO [Italian client for interoperability with European Federation Gateway Service,] Starting EfgsGatewayItalyClientApplication on gdipietro with PID 217148 (C:\WorkSpace\Immuni\immuni-efgs-gateway-client\target\classes started by gdipietro in C:\WorkSpace\Immuni\immuni-efgs-gateway-client)
2020-10-04 19:23:27.354  INFO [Italian client for interoperability with European Federation Gateway Service,] No active profile set, falling back to default profiles: default
2020-10-04 19:23:27.820  INFO [Italian client for interoperability with European Federation Gateway Service,] Bootstrapping Spring Data MongoDB repositories in DEFAULT mode.
2020-10-04 19:23:27.849  INFO [Italian client for interoperability with European Federation Gateway Service,] Finished Spring Data repository scanning in 26ms. Found 0 MongoDB repository interfaces.
2020-10-04 19:23:29.972  INFO [Italian client for interoperability with European Federation Gateway Service,] Tomcat initialized with port(s): 8080 (http)
2020-10-04 19:23:29.979  INFO [Italian client for interoperability with European Federation Gateway Service,] Initializing ProtocolHandler ["http-nio-8080"]
2020-10-04 19:23:29.980  INFO [Italian client for interoperability with European Federation Gateway Service,] Starting service [Tomcat]
2020-10-04 19:23:29.980  INFO [Italian client for interoperability with European Federation Gateway Service,] Starting Servlet engine: [Apache Tomcat/9.0.37]
2020-10-04 19:23:30.094  INFO [Italian client for interoperability with European Federation Gateway Service,] Initializing Spring embedded WebApplicationContext
2020-10-04 19:23:30.094  INFO [Italian client for interoperability with European Federation Gateway Service,] Root WebApplicationContext: initialization completed in 2705 ms
2020-10-04 19:23:43.528  INFO [Italian client for interoperability with European Federation Gateway Service,] Cluster created with settings {hosts=[26.2.73.206:27017], mode=SINGLE, requiredClusterType=UNKNOWN, serverSelectionTimeout='30000 ms'}
2020-10-04 19:23:43.574  INFO [Italian client for interoperability with European Federation Gateway Service,] Opened connection [connectionId{localValue:1, serverValue:407}] to 26.2.73.206:27017
2020-10-04 19:23:43.578  INFO [Italian client for interoperability with European Federation Gateway Service,] Monitor thread successfully connected to server with description ServerDescription{address=26.2.73.206:27017, type=STANDALONE, state=CONNECTED, ok=true, minWireVersion=0, maxWireVersion=7, maxDocumentSize=16777216, logicalSessionTimeoutMinutes=30, roundTripTimeNanos=2399851}
2020-10-04 19:23:43.922  INFO [Italian client for interoperability with European Federation Gateway Service,] Initializing ExecutorService 'applicationTaskExecutor'
2020-10-04 19:23:44.058  INFO [Italian client for interoperability with European Federation Gateway Service,] Starting ProtocolHandler ["http-nio-8080"]
2020-10-04 19:23:44.093  INFO [Italian client for interoperability with European Federation Gateway Service,] Tomcat started on port(s): 8080 (http) with context path '/v1'
2020-10-04 19:23:44.103  INFO [Italian client for interoperability with European Federation Gateway Service,] Started EfgsGatewayItalyClientApplication in 17.009 seconds (JVM running for 18.148)
2020-10-04 19:23:50.260  INFO [Italian client for interoperability with European Federation Gateway Service,] Application shutdown requested.
2020-10-04 19:23:50.459  INFO [Italian client for interoperability with European Federation Gateway Service,] Shutting down ExecutorService 'applicationTaskExecutor'
2020-10-04 19:26:48.414  INFO [Italian client for interoperability with European Federation Gateway Service,] HV000001: Hibernate Validator 6.1.5.Final
2020-10-04 19:26:48.432  INFO [Italian client for interoperability with European Federation Gateway Service,] Starting EfgsGatewayItalyClientApplication on gdipietro with PID 214948 (C:\WorkSpace\Immuni\immuni-efgs-gateway-client\target\classes started by gdipietro in C:\WorkSpace\Immuni\immuni-efgs-gateway-client)
2020-10-04 19:26:48.434  INFO [Italian client for interoperability with European Federation Gateway Service,] No active profile set, falling back to default profiles: default
2020-10-04 19:26:48.899  INFO [Italian client for interoperability with European Federation Gateway Service,] Bootstrapping Spring Data MongoDB repositories in DEFAULT mode.
2020-10-04 19:26:48.928  INFO [Italian client for interoperability with European Federation Gateway Service,] Finished Spring Data repository scanning in 26ms. Found 0 MongoDB repository interfaces.
2020-10-04 19:26:50.730  INFO [Italian client for interoperability with European Federation Gateway Service,] Tomcat initialized with port(s): 8080 (http)
2020-10-04 19:26:50.738  INFO [Italian client for interoperability with European Federation Gateway Service,] Initializing ProtocolHandler ["http-nio-8080"]
2020-10-04 19:26:50.738  INFO [Italian client for interoperability with European Federation Gateway Service,] Starting service [Tomcat]
2020-10-04 19:26:50.738  INFO [Italian client for interoperability with European Federation Gateway Service,] Starting Servlet engine: [Apache Tomcat/9.0.37]
2020-10-04 19:26:50.845  INFO [Italian client for interoperability with European Federation Gateway Service,] Initializing Spring embedded WebApplicationContext
2020-10-04 19:26:50.846  INFO [Italian client for interoperability with European Federation Gateway Service,] Root WebApplicationContext: initialization completed in 2380 ms
2020-10-04 19:26:56.939  INFO [Italian client for interoperability with European Federation Gateway Service,] Cluster created with settings {hosts=[26.2.73.206:27017], mode=SINGLE, requiredClusterType=UNKNOWN, serverSelectionTimeout='30000 ms'}
2020-10-04 19:26:56.980  INFO [Italian client for interoperability with European Federation Gateway Service,] Opened connection [connectionId{localValue:1, serverValue:408}] to 26.2.73.206:27017
2020-10-04 19:26:56.984  INFO [Italian client for interoperability with European Federation Gateway Service,] Monitor thread successfully connected to server with description ServerDescription{address=26.2.73.206:27017, type=STANDALONE, state=CONNECTED, ok=true, minWireVersion=0, maxWireVersion=7, maxDocumentSize=16777216, logicalSessionTimeoutMinutes=30, roundTripTimeNanos=2199438}
2020-10-04 19:26:57.357  INFO [Italian client for interoperability with European Federation Gateway Service,] Initializing ExecutorService 'applicationTaskExecutor'
2020-10-04 19:26:57.507  INFO [Italian client for interoperability with European Federation Gateway Service,] Starting ProtocolHandler ["http-nio-8080"]
2020-10-04 19:26:57.536  INFO [Italian client for interoperability with European Federation Gateway Service,] Tomcat started on port(s): 8080 (http) with context path '/v1'
2020-10-04 19:26:57.544  INFO [Italian client for interoperability with European Federation Gateway Service,] Started EfgsGatewayItalyClientApplication in 9.362 seconds (JVM running for 10.286)
2020-10-04 19:27:07.130  INFO [Italian client for interoperability with European Federation Gateway Service,] Initializing Spring DispatcherServlet 'dispatcherServlet'
2020-10-04 19:27:07.131  INFO [Italian client for interoperability with European Federation Gateway Service,] Initializing Servlet 'dispatcherServlet'
2020-10-04 19:27:07.138  INFO [Italian client for interoperability with European Federation Gateway Service,] Completed initialization in 7 ms
2020-10-04 19:27:14.972  INFO [Italian client for interoperability with European Federation Gateway Service,] Opened connection [connectionId{localValue:2, serverValue:409}] to 26.2.73.206:27017
2020-10-04 19:27:25.309 ERROR [Italian client for interoperability with European Federation Gateway Service,] Validation of diagnosis key failed: The keydata is empty or null.
2020-10-04 19:27:29.067 ERROR [Italian client for interoperability with European Federation Gateway Service,] Validation of diagnosis key failed: The keydata is empty or null.
2020-10-04 19:27:29.068 ERROR [Italian client for interoperability with European Federation Gateway Service,] Validation of diagnosis key failed: The keydata is empty or null.
